<?xml version="1.0" encoding="UTF-8"?>
<!-- Generated by org.testng.reporters.JUnitReportReporter -->
<testsuite hostname="LIN-5CG136BW3P" failures="0" tests="1" name="testcases.NewTest" time="5.681" errors="0" timestamp="2024-03-11T15:47:33 IST" skipped="0">
  <testcase classname="testcases.NewTest" name="f" time="5.681"/>
</testsuite> <!-- testcases.NewTest -->
