<?xml version="1.0" encoding="UTF-8"?>
<!-- Generated by org.testng.reporters.JUnitReportReporter -->
<testsuite hostname="LIN-5CG136BW3P" failures="0" tests="1" name="testcases.NewTest" time="16.239" errors="0" timestamp="2024-03-22T10:44:41 IST" skipped="0">
  <testcase classname="testcases.NewTest" name="f" time="16.239"/>
</testsuite> <!-- testcases.NewTest -->
